c:\users\ollisal\documents\github\uudistus\uudistus\uudistus\debug\vc140.pdb
c:\users\ollisal\documents\github\uudistus\uudistus\uudistus\debug\vc140.idb
c:\users\ollisal\documents\github\uudistus\uudistus\uudistus\debug\button.obj
c:\users\ollisal\documents\github\uudistus\uudistus\uudistus\debug\gamescene.obj
c:\users\ollisal\documents\github\uudistus\uudistus\uudistus\debug\guitext.obj
c:\users\ollisal\documents\github\uudistus\uudistus\uudistus\debug\inputmanager.obj
c:\users\ollisal\documents\github\uudistus\uudistus\uudistus\debug\lobbyscene.obj
c:\users\ollisal\documents\github\uudistus\uudistus\uudistus\debug\main.obj
c:\users\ollisal\documents\github\uudistus\uudistus\uudistus\debug\guiarea.obj
c:\users\ollisal\documents\github\uudistus\uudistus\uudistus\debug\networkmanager.obj
c:\users\ollisal\documents\github\uudistus\uudistus\uudistus\debug\scenemanager.obj
c:\users\ollisal\documents\github\uudistus\uudistus\debug\client.ilk
c:\users\ollisal\documents\github\uudistus\uudistus\debug\client.exe
c:\users\ollisal\documents\github\uudistus\uudistus\debug\client.pdb
c:\users\ollisal\documents\github\uudistus\uudistus\uudistus\debug\uudistus.vcxprojresolveassemblyreference.cache
c:\users\ollisal\documents\github\uudistus\uudistus\uudistus\debug\component.obj
c:\users\ollisal\documents\github\uudistus\uudistus\uudistus\debug\connection.obj
c:\users\ollisal\documents\github\uudistus\uudistus\uudistus\debug\gameobject.obj
c:\users\ollisal\documents\github\uudistus\uudistus\uudistus\debug\gui.obj
c:\users\ollisal\documents\github\uudistus\uudistus\uudistus\debug\ship.obj
c:\users\ollisal\documents\github\uudistus\uudistus\uudistus\debug\star.obj
c:\users\ollisal\documents\github\uudistus\uudistus\uudistus\debug\guiarea.obj.enc
c:\users\ollisal\documents\github\uudistus\uudistus\uudistus\debug\vc120.idb
c:\users\ollisal\documents\github\uudistus\uudistus\uudistus\debug\vc120.pdb
c:\users\ollisal\documents\github\uudistus\uudistus\uudistus\debug\client.tlog\cl.command.1.tlog
c:\users\ollisal\documents\github\uudistus\uudistus\uudistus\debug\client.tlog\cl.read.1.tlog
c:\users\ollisal\documents\github\uudistus\uudistus\uudistus\debug\client.tlog\cl.write.1.tlog
c:\users\ollisal\documents\github\uudistus\uudistus\uudistus\debug\client.tlog\link.command.1.tlog
c:\users\ollisal\documents\github\uudistus\uudistus\uudistus\debug\client.tlog\link.read.1.tlog
c:\users\ollisal\documents\github\uudistus\uudistus\uudistus\debug\client.tlog\link.write.1.tlog
