  GameScene.cpp
  GameObject.cpp
  Generating Code...
  Skipping... (no relevant changes detected)
  Star.h
  main.cpp
  Component.cpp
GameObject.obj : error LNK2005: "public: __thiscall ud::Vec2::Vec2(float,float)" (??0Vec2@ud@@QAE@MM@Z) already defined in Component.obj
GameObject.obj : error LNK2005: "public: __thiscall ud::Vec2::Vec2(void)" (??0Vec2@ud@@QAE@XZ) already defined in Component.obj
GameObject.obj : error LNK2005: "public: __thiscall ud::Vec2::~Vec2(void)" (??1Vec2@ud@@QAE@XZ) already defined in Component.obj
GameScene.obj : error LNK2005: "public: __thiscall ud::Vec2::Vec2(float,float)" (??0Vec2@ud@@QAE@MM@Z) already defined in Component.obj
GameScene.obj : error LNK2005: "public: __thiscall ud::Vec2::Vec2(void)" (??0Vec2@ud@@QAE@XZ) already defined in Component.obj
GameScene.obj : error LNK2005: "public: __thiscall ud::Vec2::~Vec2(void)" (??1Vec2@ud@@QAE@XZ) already defined in Component.obj
main.obj : error LNK2005: "public: __thiscall ud::Vec2::Vec2(float,float)" (??0Vec2@ud@@QAE@MM@Z) already defined in Component.obj
main.obj : error LNK2005: "public: __thiscall ud::Vec2::Vec2(void)" (??0Vec2@ud@@QAE@XZ) already defined in Component.obj
main.obj : error LNK2005: "public: __thiscall ud::Vec2::~Vec2(void)" (??1Vec2@ud@@QAE@XZ) already defined in Component.obj
Star.obj : error LNK2005: "public: __thiscall ud::Vec2::Vec2(float,float)" (??0Vec2@ud@@QAE@MM@Z) already defined in Component.obj
Star.obj : error LNK2005: "public: __thiscall ud::Vec2::Vec2(void)" (??0Vec2@ud@@QAE@XZ) already defined in Component.obj
Star.obj : error LNK2005: "public: __thiscall ud::Vec2::~Vec2(void)" (??1Vec2@ud@@QAE@XZ) already defined in Component.obj
Debug\//Star.obj : warning LNK4042: object specified more than once; extras ignored
GameScene.obj : error LNK2019: unresolved external symbol "public: bool __thiscall Star::connect(class Star *)" (?connect@Star@@QAE_NPAV1@@Z) referenced in function "private: void __thiscall GameScene::generateLevel(void)" (?generateLevel@GameScene@@AAEXXZ)
C:\Users\Olli\Documents\GitHub\Uudistus\Uudistus\Debug\Uudistus.exe : fatal error LNK1120: 1 unresolved externals
