c:\users\ollisal\documents\github\uudistus\uudistus\uudistus\debug\vc140.pdb
c:\users\ollisal\documents\github\uudistus\uudistus\uudistus\debug\vc140.idb
c:\users\ollisal\documents\github\uudistus\uudistus\uudistus\debug\gameobject.obj
c:\users\ollisal\documents\github\uudistus\uudistus\uudistus\debug\gamescene.obj
c:\users\ollisal\documents\github\uudistus\uudistus\uudistus\debug\inputmanager.obj
c:\users\ollisal\documents\github\uudistus\uudistus\uudistus\debug\main.obj
c:\users\ollisal\documents\github\uudistus\uudistus\uudistus\debug\star.obj
c:\users\ollisal\documents\github\uudistus\uudistus\debug\uudistus.pdb
c:\users\ollisal\documents\github\uudistus\uudistus\uudistus\debug\uudistus.tlog\cl.command.1.tlog
c:\users\ollisal\documents\github\uudistus\uudistus\uudistus\debug\uudistus.tlog\cl.read.1.tlog
c:\users\ollisal\documents\github\uudistus\uudistus\uudistus\debug\uudistus.tlog\cl.write.1.tlog
c:\users\ollisal\documents\github\uudistus\uudistus\uudistus\debug\uudistus.tlog\link-cvtres.read.1.tlog
c:\users\ollisal\documents\github\uudistus\uudistus\uudistus\debug\uudistus.tlog\link-cvtres.write.1.tlog
c:\users\ollisal\documents\github\uudistus\uudistus\uudistus\debug\uudistus.tlog\link-rc.read.1.tlog
c:\users\ollisal\documents\github\uudistus\uudistus\uudistus\debug\uudistus.tlog\link-rc.write.1.tlog
c:\users\ollisal\documents\github\uudistus\uudistus\uudistus\debug\uudistus.tlog\link.8452-cvtres.read.1.tlog
c:\users\ollisal\documents\github\uudistus\uudistus\uudistus\debug\uudistus.tlog\link.8452-cvtres.write.1.tlog
c:\users\ollisal\documents\github\uudistus\uudistus\uudistus\debug\uudistus.tlog\link.8452-rc.read.1.tlog
c:\users\ollisal\documents\github\uudistus\uudistus\uudistus\debug\uudistus.tlog\link.8452-rc.write.1.tlog
c:\users\ollisal\documents\github\uudistus\uudistus\uudistus\debug\uudistus.tlog\link.8452.read.1.tlog
c:\users\ollisal\documents\github\uudistus\uudistus\uudistus\debug\uudistus.tlog\link.8452.write.1.tlog
c:\users\ollisal\documents\github\uudistus\uudistus\uudistus\debug\uudistus.tlog\link.command.1.tlog
c:\users\ollisal\documents\github\uudistus\uudistus\uudistus\debug\uudistus.tlog\link.read.1.tlog
c:\users\ollisal\documents\github\uudistus\uudistus\uudistus\debug\uudistus.tlog\link.write.1.tlog
